#
# A fatal error has been detected by the Java Runtime Environment:
#
#  SIGSEGV (0xb) at pc=0x0000000000000000, pid=1109, tid=140611008141056
#
# JRE version: OpenJDK Runtime Environment (7.0_55-b14) (build 1.7.0_55-b14)
# Java VM: OpenJDK 64-Bit Server VM (24.51-b03 mixed mode linux-amd64 compressed oops)
# Problematic frame:
# C  0x0000000000000000
#
# Failed to write core dump. Core dumps have been disabled. To enable core dumping, try "ulimit -c unlimited" before starting Java again
#
# If you would like to submit a bug report, please include
# instructions on how to reproduce the bug and visit:
#   http://icedtea.classpath.org/bugzilla
#

---------------  T H R E A D  ---------------

Current thread is native thread

siginfo:si_signo=SIGSEGV: si_errno=0, si_code=1 (SEGV_MAPERR), si_addr=0x0000000000000000

Registers:
RAX=0x00007fe2901a97c0, RBX=0x00007fe2dc6e9710, RCX=0xc00000000000063d, RDX=0x000000000000023d
RSP=0x00007fe28d310ec8, RBP=0x0000000000000400, RSI=0x0000000000004122, RDI=0x00007fe2dc8eb1c0
R8 =0x0000000000000000, R9 =0x0000000000000000, R10=0x0000000000000400, R11=0x0000000000000246
R12=0x00007fe2dc8eb1c0, R13=0x00007fe28d310f00, R14=0x00007fe28d310ef8, R15=0x00007fe28d310f08
RIP=0x0000000000000000, EFLAGS=0x0000000000010206, CSGSFS=0x0000000000000033, ERR=0x0000000000000014
  TRAPNO=0x000000000000000e

Top of Stack: (sp=0x00007fe28d310ec8)
0x00007fe28d310ec8:   00007fe28ff843f8 0000000000000000
0x00007fe28d310ed8:   0000000000000003 0000000000001400
0x00007fe28d310ee8:   0000000000000400 0000000000000000
0x00007fe28d310ef8:   0000000000000400 0000000000000400
0x00007fe28d310f08:   00007fe2dc8bce70 0000000000000000
0x00007fe28d310f18:   00007fe2dc932e20 0000000000000000
0x00007fe28d310f28:   0000000000000000 00007fe2e4920000
0x00007fe28d310f38:   00000000ffffffff 00007fe28d311700
0x00007fe28d310f48:   00007fe28ff7b73a 00007fe28d311700
0x00007fe28d310f58:   00007fe2e44ea0a2 0000000000000000
0x00007fe28d310f68:   00007fe28d311700 00007fe28d311700
0x00007fe28d310f78:   9804e4f06911b32d 0000000000000000
0x00007fe28d310f88:   00007fe2e4920000 00000000ffffffff
0x00007fe28d310f98:   00007fe28d311700 67c1fe9277d1b32d
0x00007fe28d310fa8:   67c12c6d29cbb32d 0000000000000000
0x00007fe28d310fb8:   0000000000000000 0000000000000000
0x00007fe28d310fc8:   0000000000000000 0000000000000000
0x00007fe28d310fd8:   0000000000000000 0000000000000000
0x00007fe28d310fe8:   0000000000000000 00007fe28d311700
0x00007fe28d310ff8:   00007fe2e3e0b49d 0000000000000000
0x00007fe28d311008:   0000000000000000 0000000000000000
0x00007fe28d311018:   0000000000000000 0000000000000000
0x00007fe28d311028:   0000000000000000 0000000000000000
0x00007fe28d311038:   0000000000000000 0000000000000000
0x00007fe28d311048:   0000000000000000 0000000000000000
0x00007fe28d311058:   0000000000000000 0000000000000000
0x00007fe28d311068:   0000000000000000 0000000000000000
0x00007fe28d311078:   0000000000000000 0000000000000000
0x00007fe28d311088:   0000000000000000 0000000000000000
0x00007fe28d311098:   0000000000000000 0000000000000000
0x00007fe28d3110a8:   0000000000000000 0000000000000000
0x00007fe28d3110b8:   0000000000000000 0000000000000000 

Instructions: (pc=0x0000000000000000)
0xffffffffffffffe0:   

Register to memory mapping:

RAX=0x00007fe2901a97c0: <offset 0x2577c0> in /home/penagwin/Programming/LudumDare - Copy/linux/libopenal64.so at 0x00007fe28ff52000
RBX=0x00007fe2dc6e9710 is an unknown value
RCX=0xc00000000000063d is an unknown value
RDX=0x000000000000023d is an unknown value
RSP=0x00007fe28d310ec8 is an unknown value
RBP=0x0000000000000400 is an unknown value
RSI=0x0000000000004122 is an unknown value
RDI=0x00007fe2dc8eb1c0 is an unknown value
R8 =0x0000000000000000 is an unknown value
R9 =0x0000000000000000 is an unknown value
R10=0x0000000000000400 is an unknown value
R11=0x0000000000000246 is an unknown value
R12=0x00007fe2dc8eb1c0 is an unknown value
R13=0x00007fe28d310f00 is an unknown value
R14=0x00007fe28d310ef8 is an unknown value
R15=0x00007fe28d310f08 is an unknown value


Stack: [0x00007fe28d211000,0x00007fe28d312000],  sp=0x00007fe28d310ec8,  free space=1023k

---------------  P R O C E S S  ---------------

VM state:at safepoint (shutting down)

VM Mutex/Monitor currently owned by a thread:  ([mutex/lock_event])
[0x00007fe2dc008b00] Threads_lock - owner thread: 0x00007fe2dc072000

Heap
